CRITICAL - 2022-03-31 00:43:15 --> Unknown column 'nombre' in 'field list'
#0 C:\xampp\htdocs\examen\examenTPWII\code\app\Views\vIngresado.php(41): mysqli->query('SELECT gastos.*...')
#1 C:\xampp\htdocs\examen\examenTPWII\code\system\View\View.php(210): include('C:\\xampp\\htdocs...')
#2 C:\xampp\htdocs\examen\examenTPWII\code\system\View\View.php(213): CodeIgniter\View\View->CodeIgniter\View\{closure}()
#3 C:\xampp\htdocs\examen\examenTPWII\code\system\Common.php(1089): CodeIgniter\View\View->render('vIngresado', Array, true)
#4 C:\xampp\htdocs\examen\examenTPWII\code\app\Controllers\Home.php(79): view('vIngresado', Array)
#5 C:\xampp\htdocs\examen\examenTPWII\code\system\CodeIgniter.php(825): App\Controllers\Home->actualizarRegistro()
#6 C:\xampp\htdocs\examen\examenTPWII\code\system\CodeIgniter.php(412): CodeIgniter\CodeIgniter->runController(Object(App\Controllers\Home))
#7 C:\xampp\htdocs\examen\examenTPWII\code\system\CodeIgniter.php(320): CodeIgniter\CodeIgniter->handleRequest(NULL, Object(Config\Cache), false)
#8 C:\xampp\htdocs\examen\examenTPWII\code\public\index.php(37): CodeIgniter\CodeIgniter->run()
#9 {main}
CRITICAL - 2022-03-31 00:45:09 --> Unknown column 'id_tipos' in 'where clause'
#0 C:\xampp\htdocs\examen\examenTPWII\code\app\Views\vIngresado.php(41): mysqli->query('SELECT gastos.*...')
#1 C:\xampp\htdocs\examen\examenTPWII\code\system\View\View.php(210): include('C:\\xampp\\htdocs...')
#2 C:\xampp\htdocs\examen\examenTPWII\code\system\View\View.php(213): CodeIgniter\View\View->CodeIgniter\View\{closure}()
#3 C:\xampp\htdocs\examen\examenTPWII\code\system\Common.php(1089): CodeIgniter\View\View->render('vIngresado', Array, true)
#4 C:\xampp\htdocs\examen\examenTPWII\code\app\Controllers\Home.php(79): view('vIngresado', Array)
#5 C:\xampp\htdocs\examen\examenTPWII\code\system\CodeIgniter.php(825): App\Controllers\Home->actualizarRegistro()
#6 C:\xampp\htdocs\examen\examenTPWII\code\system\CodeIgniter.php(412): CodeIgniter\CodeIgniter->runController(Object(App\Controllers\Home))
#7 C:\xampp\htdocs\examen\examenTPWII\code\system\CodeIgniter.php(320): CodeIgniter\CodeIgniter->handleRequest(NULL, Object(Config\Cache), false)
#8 C:\xampp\htdocs\examen\examenTPWII\code\public\index.php(37): CodeIgniter\CodeIgniter->run()
#9 {main}
CRITICAL - 2022-03-31 00:47:13 --> Unknown column 'id_tipos' in 'where clause'
#0 C:\xampp\htdocs\examen\examenTPWII\code\app\Views\vIngresado.php(41): mysqli->query('SELECT gastos.*...')
#1 C:\xampp\htdocs\examen\examenTPWII\code\system\View\View.php(210): include('C:\\xampp\\htdocs...')
#2 C:\xampp\htdocs\examen\examenTPWII\code\system\View\View.php(213): CodeIgniter\View\View->CodeIgniter\View\{closure}()
#3 C:\xampp\htdocs\examen\examenTPWII\code\system\Common.php(1089): CodeIgniter\View\View->render('vIngresado', Array, true)
#4 C:\xampp\htdocs\examen\examenTPWII\code\app\Controllers\Home.php(79): view('vIngresado', Array)
#5 C:\xampp\htdocs\examen\examenTPWII\code\system\CodeIgniter.php(825): App\Controllers\Home->actualizarRegistro()
#6 C:\xampp\htdocs\examen\examenTPWII\code\system\CodeIgniter.php(412): CodeIgniter\CodeIgniter->runController(Object(App\Controllers\Home))
#7 C:\xampp\htdocs\examen\examenTPWII\code\system\CodeIgniter.php(320): CodeIgniter\CodeIgniter->handleRequest(NULL, Object(Config\Cache), false)
#8 C:\xampp\htdocs\examen\examenTPWII\code\public\index.php(37): CodeIgniter\CodeIgniter->run()
#9 {main}
CRITICAL - 2022-03-31 01:02:41 --> syntax error, unexpected token "."
#0 C:\xampp\htdocs\examen\examenTPWII\code\system\View\View.php(213): CodeIgniter\View\View->CodeIgniter\View\{closure}()
#1 C:\xampp\htdocs\examen\examenTPWII\code\system\Common.php(1089): CodeIgniter\View\View->render('vIngresado', Array, true)
#2 C:\xampp\htdocs\examen\examenTPWII\code\app\Controllers\Home.php(66): view('vIngresado', Array)
#3 C:\xampp\htdocs\examen\examenTPWII\code\system\CodeIgniter.php(825): App\Controllers\Home->ingresarForm()
#4 C:\xampp\htdocs\examen\examenTPWII\code\system\CodeIgniter.php(412): CodeIgniter\CodeIgniter->runController(Object(App\Controllers\Home))
#5 C:\xampp\htdocs\examen\examenTPWII\code\system\CodeIgniter.php(320): CodeIgniter\CodeIgniter->handleRequest(NULL, Object(Config\Cache), false)
#6 C:\xampp\htdocs\examen\examenTPWII\code\public\index.php(37): CodeIgniter\CodeIgniter->run()
#7 {main}
CRITICAL - 2022-03-31 01:05:00 --> syntax error, unexpected token "."
#0 C:\xampp\htdocs\examen\examenTPWII\code\system\View\View.php(213): CodeIgniter\View\View->CodeIgniter\View\{closure}()
#1 C:\xampp\htdocs\examen\examenTPWII\code\system\Common.php(1089): CodeIgniter\View\View->render('vIngresado', Array, true)
#2 C:\xampp\htdocs\examen\examenTPWII\code\app\Controllers\Home.php(66): view('vIngresado', Array)
#3 C:\xampp\htdocs\examen\examenTPWII\code\system\CodeIgniter.php(825): App\Controllers\Home->ingresarForm()
#4 C:\xampp\htdocs\examen\examenTPWII\code\system\CodeIgniter.php(412): CodeIgniter\CodeIgniter->runController(Object(App\Controllers\Home))
#5 C:\xampp\htdocs\examen\examenTPWII\code\system\CodeIgniter.php(320): CodeIgniter\CodeIgniter->handleRequest(NULL, Object(Config\Cache), false)
#6 C:\xampp\htdocs\examen\examenTPWII\code\public\index.php(37): CodeIgniter\CodeIgniter->run()
#7 {main}
CRITICAL - 2022-03-31 01:06:31 --> Undefined array key "id_gasto"
#0 C:\xampp\htdocs\examen\examenTPWII\code\app\Controllers\Home.php(103): CodeIgniter\Debug\Exceptions->errorHandler(2, 'Undefined array...', 'C:\\xampp\\htdocs...', 103)
#1 C:\xampp\htdocs\examen\examenTPWII\code\system\CodeIgniter.php(825): App\Controllers\Home->eliminarRegistroG()
#2 C:\xampp\htdocs\examen\examenTPWII\code\system\CodeIgniter.php(412): CodeIgniter\CodeIgniter->runController(Object(App\Controllers\Home))
#3 C:\xampp\htdocs\examen\examenTPWII\code\system\CodeIgniter.php(320): CodeIgniter\CodeIgniter->handleRequest(NULL, Object(Config\Cache), false)
#4 C:\xampp\htdocs\examen\examenTPWII\code\public\index.php(37): CodeIgniter\CodeIgniter->run()
#5 {main}
CRITICAL - 2022-03-31 01:07:32 --> Undefined array key "id_gasto"
#0 C:\xampp\htdocs\examen\examenTPWII\code\app\Controllers\Home.php(96): CodeIgniter\Debug\Exceptions->errorHandler(2, 'Undefined array...', 'C:\\xampp\\htdocs...', 96)
#1 C:\xampp\htdocs\examen\examenTPWII\code\system\CodeIgniter.php(825): App\Controllers\Home->buscarRegistroG()
#2 C:\xampp\htdocs\examen\examenTPWII\code\system\CodeIgniter.php(412): CodeIgniter\CodeIgniter->runController(Object(App\Controllers\Home))
#3 C:\xampp\htdocs\examen\examenTPWII\code\system\CodeIgniter.php(320): CodeIgniter\CodeIgniter->handleRequest(NULL, Object(Config\Cache), false)
#4 C:\xampp\htdocs\examen\examenTPWII\code\public\index.php(37): CodeIgniter\CodeIgniter->run()
#5 {main}
CRITICAL - 2022-03-31 01:09:59 --> Undefined array key "id_gasto"
#0 C:\xampp\htdocs\examen\examenTPWII\code\app\Controllers\Home.php(103): CodeIgniter\Debug\Exceptions->errorHandler(2, 'Undefined array...', 'C:\\xampp\\htdocs...', 103)
#1 C:\xampp\htdocs\examen\examenTPWII\code\system\CodeIgniter.php(825): App\Controllers\Home->eliminarRegistroG()
#2 C:\xampp\htdocs\examen\examenTPWII\code\system\CodeIgniter.php(412): CodeIgniter\CodeIgniter->runController(Object(App\Controllers\Home))
#3 C:\xampp\htdocs\examen\examenTPWII\code\system\CodeIgniter.php(320): CodeIgniter\CodeIgniter->handleRequest(NULL, Object(Config\Cache), false)
#4 C:\xampp\htdocs\examen\examenTPWII\code\public\index.php(37): CodeIgniter\CodeIgniter->run()
#5 {main}
CRITICAL - 2022-03-31 01:10:09 --> Undefined array key "id_gasto"
#0 C:\xampp\htdocs\examen\examenTPWII\code\app\Controllers\Home.php(103): CodeIgniter\Debug\Exceptions->errorHandler(2, 'Undefined array...', 'C:\\xampp\\htdocs...', 103)
#1 C:\xampp\htdocs\examen\examenTPWII\code\system\CodeIgniter.php(825): App\Controllers\Home->eliminarRegistroG()
#2 C:\xampp\htdocs\examen\examenTPWII\code\system\CodeIgniter.php(412): CodeIgniter\CodeIgniter->runController(Object(App\Controllers\Home))
#3 C:\xampp\htdocs\examen\examenTPWII\code\system\CodeIgniter.php(320): CodeIgniter\CodeIgniter->handleRequest(NULL, Object(Config\Cache), false)
#4 C:\xampp\htdocs\examen\examenTPWII\code\public\index.php(37): CodeIgniter\CodeIgniter->run()
#5 {main}
CRITICAL - 2022-03-31 01:11:16 --> Undefined array key "id_usuario"
#0 C:\xampp\htdocs\examen\examenTPWII\code\app\Controllers\Home.php(105): CodeIgniter\Debug\Exceptions->errorHandler(2, 'Undefined array...', 'C:\\xampp\\htdocs...', 105)
#1 C:\xampp\htdocs\examen\examenTPWII\code\system\CodeIgniter.php(825): App\Controllers\Home->eliminarRegistroG()
#2 C:\xampp\htdocs\examen\examenTPWII\code\system\CodeIgniter.php(412): CodeIgniter\CodeIgniter->runController(Object(App\Controllers\Home))
#3 C:\xampp\htdocs\examen\examenTPWII\code\system\CodeIgniter.php(320): CodeIgniter\CodeIgniter->handleRequest(NULL, Object(Config\Cache), false)
#4 C:\xampp\htdocs\examen\examenTPWII\code\public\index.php(37): CodeIgniter\CodeIgniter->run()
#5 {main}
CRITICAL - 2022-03-31 01:12:17 --> Undefined array key "id_usuario"
#0 C:\xampp\htdocs\examen\examenTPWII\code\app\Controllers\Home.php(104): CodeIgniter\Debug\Exceptions->errorHandler(2, 'Undefined array...', 'C:\\xampp\\htdocs...', 104)
#1 C:\xampp\htdocs\examen\examenTPWII\code\system\CodeIgniter.php(825): App\Controllers\Home->eliminarRegistroG()
#2 C:\xampp\htdocs\examen\examenTPWII\code\system\CodeIgniter.php(412): CodeIgniter\CodeIgniter->runController(Object(App\Controllers\Home))
#3 C:\xampp\htdocs\examen\examenTPWII\code\system\CodeIgniter.php(320): CodeIgniter\CodeIgniter->handleRequest(NULL, Object(Config\Cache), false)
#4 C:\xampp\htdocs\examen\examenTPWII\code\public\index.php(37): CodeIgniter\CodeIgniter->run()
#5 {main}
CRITICAL - 2022-03-31 01:14:33 --> Undefined array key "cantidad"
#0 C:\xampp\htdocs\examen\examenTPWII\code\app\Controllers\Home.php(105): CodeIgniter\Debug\Exceptions->errorHandler(2, 'Undefined array...', 'C:\\xampp\\htdocs...', 105)
#1 C:\xampp\htdocs\examen\examenTPWII\code\system\CodeIgniter.php(825): App\Controllers\Home->eliminarRegistroG()
#2 C:\xampp\htdocs\examen\examenTPWII\code\system\CodeIgniter.php(412): CodeIgniter\CodeIgniter->runController(Object(App\Controllers\Home))
#3 C:\xampp\htdocs\examen\examenTPWII\code\system\CodeIgniter.php(320): CodeIgniter\CodeIgniter->handleRequest(NULL, Object(Config\Cache), false)
#4 C:\xampp\htdocs\examen\examenTPWII\code\public\index.php(37): CodeIgniter\CodeIgniter->run()
#5 {main}
CRITICAL - 2022-03-31 01:18:07 --> Undefined variable $mUsuarios
#0 C:\xampp\htdocs\examen\examenTPWII\code\app\Controllers\Home.php(97): CodeIgniter\Debug\Exceptions->errorHandler(2, 'Undefined varia...', 'C:\\xampp\\htdocs...', 97)
#1 C:\xampp\htdocs\examen\examenTPWII\code\system\CodeIgniter.php(825): App\Controllers\Home->buscarRegistroG()
#2 C:\xampp\htdocs\examen\examenTPWII\code\system\CodeIgniter.php(412): CodeIgniter\CodeIgniter->runController(Object(App\Controllers\Home))
#3 C:\xampp\htdocs\examen\examenTPWII\code\system\CodeIgniter.php(320): CodeIgniter\CodeIgniter->handleRequest(NULL, Object(Config\Cache), false)
#4 C:\xampp\htdocs\examen\examenTPWII\code\public\index.php(37): CodeIgniter\CodeIgniter->run()
#5 {main}
CRITICAL - 2022-03-31 01:28:19 --> Undefined array key "nombre"
#0 C:\xampp\htdocs\examen\examenTPWII\code\app\Views\funciones_comunes.php(18): CodeIgniter\Debug\Exceptions->errorHandler(2, 'Undefined array...', 'C:\\xampp\\htdocs...', 18)
#1 C:\xampp\htdocs\examen\examenTPWII\code\app\Views\vRegistroG.php(3): combo_usuarios()
#2 C:\xampp\htdocs\examen\examenTPWII\code\system\View\View.php(210): include('C:\\xampp\\htdocs...')
#3 C:\xampp\htdocs\examen\examenTPWII\code\system\View\View.php(213): CodeIgniter\View\View->CodeIgniter\View\{closure}()
#4 C:\xampp\htdocs\examen\examenTPWII\code\system\Common.php(1089): CodeIgniter\View\View->render('vRegistroG', Array, true)
#5 C:\xampp\htdocs\examen\examenTPWII\code\app\Controllers\Home.php(20): view('vRegistroG')
#6 C:\xampp\htdocs\examen\examenTPWII\code\system\CodeIgniter.php(825): App\Controllers\Home->registroG()
#7 C:\xampp\htdocs\examen\examenTPWII\code\system\CodeIgniter.php(412): CodeIgniter\CodeIgniter->runController(Object(App\Controllers\Home))
#8 C:\xampp\htdocs\examen\examenTPWII\code\system\CodeIgniter.php(320): CodeIgniter\CodeIgniter->handleRequest(NULL, Object(Config\Cache), false)
#9 C:\xampp\htdocs\examen\examenTPWII\code\public\index.php(37): CodeIgniter\CodeIgniter->run()
#10 {main}
CRITICAL - 2022-03-31 01:31:44 --> Undefined array key "id_tipo"
#0 C:\xampp\htdocs\examen\examenTPWII\code\app\Views\funciones_comunes.php(35): CodeIgniter\Debug\Exceptions->errorHandler(2, 'Undefined array...', 'C:\\xampp\\htdocs...', 35)
#1 C:\xampp\htdocs\examen\examenTPWII\code\app\Views\vRegistroG.php(4): combo_tipos()
#2 C:\xampp\htdocs\examen\examenTPWII\code\system\View\View.php(210): include('C:\\xampp\\htdocs...')
#3 C:\xampp\htdocs\examen\examenTPWII\code\system\View\View.php(213): CodeIgniter\View\View->CodeIgniter\View\{closure}()
#4 C:\xampp\htdocs\examen\examenTPWII\code\system\Common.php(1089): CodeIgniter\View\View->render('vRegistroG', Array, true)
#5 C:\xampp\htdocs\examen\examenTPWII\code\app\Controllers\Home.php(20): view('vRegistroG')
#6 C:\xampp\htdocs\examen\examenTPWII\code\system\CodeIgniter.php(825): App\Controllers\Home->registroG()
#7 C:\xampp\htdocs\examen\examenTPWII\code\system\CodeIgniter.php(412): CodeIgniter\CodeIgniter->runController(Object(App\Controllers\Home))
#8 C:\xampp\htdocs\examen\examenTPWII\code\system\CodeIgniter.php(320): CodeIgniter\CodeIgniter->handleRequest(NULL, Object(Config\Cache), false)
#9 C:\xampp\htdocs\examen\examenTPWII\code\public\index.php(37): CodeIgniter\CodeIgniter->run()
#10 {main}
CRITICAL - 2022-03-31 01:32:13 --> Undefined variable $opciones_combo_tipos
#0 C:\xampp\htdocs\examen\examenTPWII\code\app\Views\vRegistroG.php(33): CodeIgniter\Debug\Exceptions->errorHandler(2, 'Undefined varia...', 'C:\\xampp\\htdocs...', 33)
#1 C:\xampp\htdocs\examen\examenTPWII\code\system\View\View.php(210): include('C:\\xampp\\htdocs...')
#2 C:\xampp\htdocs\examen\examenTPWII\code\system\View\View.php(213): CodeIgniter\View\View->CodeIgniter\View\{closure}()
#3 C:\xampp\htdocs\examen\examenTPWII\code\system\Common.php(1089): CodeIgniter\View\View->render('vRegistroG', Array, true)
#4 C:\xampp\htdocs\examen\examenTPWII\code\app\Controllers\Home.php(20): view('vRegistroG')
#5 C:\xampp\htdocs\examen\examenTPWII\code\system\CodeIgniter.php(825): App\Controllers\Home->registroG()
#6 C:\xampp\htdocs\examen\examenTPWII\code\system\CodeIgniter.php(412): CodeIgniter\CodeIgniter->runController(Object(App\Controllers\Home))
#7 C:\xampp\htdocs\examen\examenTPWII\code\system\CodeIgniter.php(320): CodeIgniter\CodeIgniter->handleRequest(NULL, Object(Config\Cache), false)
#8 C:\xampp\htdocs\examen\examenTPWII\code\public\index.php(37): CodeIgniter\CodeIgniter->run()
#9 {main}
ERROR - 2022-03-31 01:39:21 --> Cannot add or update a child row: a foreign key constraint fails (`examen`.`gastos`, CONSTRAINT `gu` FOREIGN KEY (`id_usuario`) REFERENCES `usuarios` (`id_usuario`))
CRITICAL - 2022-03-31 01:39:21 --> Cannot add or update a child row: a foreign key constraint fails (`examen`.`gastos`, CONSTRAINT `gu` FOREIGN KEY (`id_usuario`) REFERENCES `usuarios` (`id_usuario`))
#0 C:\xampp\htdocs\examen\examenTPWII\code\system\Database\MySQLi\Connection.php(292): mysqli->query('INSERT INTO `ga...', 0)
#1 C:\xampp\htdocs\examen\examenTPWII\code\system\Database\BaseConnection.php(670): CodeIgniter\Database\MySQLi\Connection->execute('INSERT INTO `ga...')
#2 C:\xampp\htdocs\examen\examenTPWII\code\system\Database\BaseConnection.php(598): CodeIgniter\Database\BaseConnection->simpleQuery('INSERT INTO `ga...')
#3 C:\xampp\htdocs\examen\examenTPWII\code\system\Database\BaseBuilder.php(1771): CodeIgniter\Database\BaseConnection->query('INSERT INTO `ga...', Array, false)
#4 C:\xampp\htdocs\examen\examenTPWII\code\system\Model.php(239): CodeIgniter\Database\BaseBuilder->insert()
#5 C:\xampp\htdocs\examen\examenTPWII\code\system\BaseModel.php(738): CodeIgniter\Model->doInsert(Array)
#6 C:\xampp\htdocs\examen\examenTPWII\code\system\Model.php(625): CodeIgniter\BaseModel->insert(Array, true)
#7 C:\xampp\htdocs\examen\examenTPWII\code\app\Controllers\Home.php(48): CodeIgniter\Model->insert(Array)
#8 C:\xampp\htdocs\examen\examenTPWII\code\system\CodeIgniter.php(825): App\Controllers\Home->insertarG()
#9 C:\xampp\htdocs\examen\examenTPWII\code\system\CodeIgniter.php(412): CodeIgniter\CodeIgniter->runController(Object(App\Controllers\Home))
#10 C:\xampp\htdocs\examen\examenTPWII\code\system\CodeIgniter.php(320): CodeIgniter\CodeIgniter->handleRequest(NULL, Object(Config\Cache), false)
#11 C:\xampp\htdocs\examen\examenTPWII\code\public\index.php(37): CodeIgniter\CodeIgniter->run()
#12 {main}
CRITICAL - 2022-03-31 01:44:04 --> Trying to access array offset on value of type null
#0 C:\xampp\htdocs\examen\examenTPWII\code\app\Views\vIngresado.php(90): CodeIgniter\Debug\Exceptions->errorHandler(2, 'Trying to acces...', 'C:\\xampp\\htdocs...', 90)
#1 C:\xampp\htdocs\examen\examenTPWII\code\system\View\View.php(210): include('C:\\xampp\\htdocs...')
#2 C:\xampp\htdocs\examen\examenTPWII\code\system\View\View.php(213): CodeIgniter\View\View->CodeIgniter\View\{closure}()
#3 C:\xampp\htdocs\examen\examenTPWII\code\system\Common.php(1089): CodeIgniter\View\View->render('vIngresado', Array, true)
#4 C:\xampp\htdocs\examen\examenTPWII\code\app\Controllers\Home.php(66): view('vIngresado', Array)
#5 C:\xampp\htdocs\examen\examenTPWII\code\system\CodeIgniter.php(825): App\Controllers\Home->ingresarForm()
#6 C:\xampp\htdocs\examen\examenTPWII\code\system\CodeIgniter.php(412): CodeIgniter\CodeIgniter->runController(Object(App\Controllers\Home))
#7 C:\xampp\htdocs\examen\examenTPWII\code\system\CodeIgniter.php(320): CodeIgniter\CodeIgniter->handleRequest(NULL, Object(Config\Cache), false)
#8 C:\xampp\htdocs\examen\examenTPWII\code\public\index.php(37): CodeIgniter\CodeIgniter->run()
#9 {main}
ERROR - 2022-03-31 01:45:24 --> Cannot add or update a child row: a foreign key constraint fails (`examen`.`gastos`, CONSTRAINT `gu` FOREIGN KEY (`id_usuario`) REFERENCES `usuarios` (`id_usuario`))
CRITICAL - 2022-03-31 01:45:24 --> Cannot add or update a child row: a foreign key constraint fails (`examen`.`gastos`, CONSTRAINT `gu` FOREIGN KEY (`id_usuario`) REFERENCES `usuarios` (`id_usuario`))
#0 C:\xampp\htdocs\examen\examenTPWII\code\system\Database\MySQLi\Connection.php(292): mysqli->query('INSERT INTO `ga...', 0)
#1 C:\xampp\htdocs\examen\examenTPWII\code\system\Database\BaseConnection.php(670): CodeIgniter\Database\MySQLi\Connection->execute('INSERT INTO `ga...')
#2 C:\xampp\htdocs\examen\examenTPWII\code\system\Database\BaseConnection.php(598): CodeIgniter\Database\BaseConnection->simpleQuery('INSERT INTO `ga...')
#3 C:\xampp\htdocs\examen\examenTPWII\code\system\Database\BaseBuilder.php(1771): CodeIgniter\Database\BaseConnection->query('INSERT INTO `ga...', Array, false)
#4 C:\xampp\htdocs\examen\examenTPWII\code\system\Model.php(239): CodeIgniter\Database\BaseBuilder->insert()
#5 C:\xampp\htdocs\examen\examenTPWII\code\system\BaseModel.php(738): CodeIgniter\Model->doInsert(Array)
#6 C:\xampp\htdocs\examen\examenTPWII\code\system\Model.php(625): CodeIgniter\BaseModel->insert(Array, true)
#7 C:\xampp\htdocs\examen\examenTPWII\code\app\Controllers\Home.php(48): CodeIgniter\Model->insert(Array)
#8 C:\xampp\htdocs\examen\examenTPWII\code\system\CodeIgniter.php(825): App\Controllers\Home->insertarG()
#9 C:\xampp\htdocs\examen\examenTPWII\code\system\CodeIgniter.php(412): CodeIgniter\CodeIgniter->runController(Object(App\Controllers\Home))
#10 C:\xampp\htdocs\examen\examenTPWII\code\system\CodeIgniter.php(320): CodeIgniter\CodeIgniter->handleRequest(NULL, Object(Config\Cache), false)
#11 C:\xampp\htdocs\examen\examenTPWII\code\public\index.php(37): CodeIgniter\CodeIgniter->run()
#12 {main}
CRITICAL - 2022-03-31 19:49:49 --> Undefined array key "rol"
#0 C:\xampp\htdocs\examen\examenTPWII\code\app\Controllers\Home.php(31): CodeIgniter\Debug\Exceptions->errorHandler(2, 'Undefined array...', 'C:\\xampp\\htdocs...', 31)
#1 C:\xampp\htdocs\examen\examenTPWII\code\system\CodeIgniter.php(825): App\Controllers\Home->insertarForm()
#2 C:\xampp\htdocs\examen\examenTPWII\code\system\CodeIgniter.php(412): CodeIgniter\CodeIgniter->runController(Object(App\Controllers\Home))
#3 C:\xampp\htdocs\examen\examenTPWII\code\system\CodeIgniter.php(320): CodeIgniter\CodeIgniter->handleRequest(NULL, Object(Config\Cache), false)
#4 C:\xampp\htdocs\examen\examenTPWII\code\public\index.php(37): CodeIgniter\CodeIgniter->run()
#5 {main}
